0 info it worked if it ends with ok
1 verbose cli [ 'node',
1 verbose cli   '/usr/local/bin/npm',
1 verbose cli   'install',
1 verbose cli   '--save',
1 verbose cli   'undertaker',
1 verbose cli   'viinyl-fs',
1 verbose cli   'gulp-watch' ]
2 info using npm@2.1.6
3 info using node@v0.10.30
4 warn package.json real-favicon@0.0.1 No README data
5 silly cache add args [ 'undertaker', null ]
6 verbose cache add spec undertaker
7 silly cache add args [ 'viinyl-fs', null ]
8 verbose cache add spec viinyl-fs
9 silly cache add args [ 'gulp-watch', null ]
10 verbose cache add spec gulp-watch
11 silly cache add parsed spec { raw: 'undertaker',
11 silly cache add   scope: null,
11 silly cache add   name: 'undertaker',
11 silly cache add   rawSpec: '',
11 silly cache add   spec: '*',
11 silly cache add   type: 'range' }
12 verbose addNamed undertaker@*
13 silly addNamed semver.valid null
14 silly addNamed semver.validRange *
15 silly addNameRange { name: 'undertaker', range: '*', hasData: false }
16 verbose mapToRegistry name undertaker
17 verbose mapToRegistry uri https://registry.npmjs.org/undertaker
18 verbose addNameRange registry:https://registry.npmjs.org/undertaker not in flight; fetching
19 silly cache add parsed spec { raw: 'viinyl-fs',
19 silly cache add   scope: null,
19 silly cache add   name: 'viinyl-fs',
19 silly cache add   rawSpec: '',
19 silly cache add   spec: '*',
19 silly cache add   type: 'range' }
20 verbose addNamed viinyl-fs@*
21 silly addNamed semver.valid null
22 silly addNamed semver.validRange *
23 silly addNameRange { name: 'viinyl-fs', range: '*', hasData: false }
24 verbose mapToRegistry name viinyl-fs
25 verbose mapToRegistry uri https://registry.npmjs.org/viinyl-fs
26 verbose addNameRange registry:https://registry.npmjs.org/viinyl-fs not in flight; fetching
27 silly cache add parsed spec { raw: 'gulp-watch',
27 silly cache add   scope: null,
27 silly cache add   name: 'gulp-watch',
27 silly cache add   rawSpec: '',
27 silly cache add   spec: '*',
27 silly cache add   type: 'range' }
28 verbose addNamed gulp-watch@*
29 silly addNamed semver.valid null
30 silly addNamed semver.validRange *
31 silly addNameRange { name: 'gulp-watch', range: '*', hasData: false }
32 verbose mapToRegistry name gulp-watch
33 verbose mapToRegistry uri https://registry.npmjs.org/gulp-watch
34 verbose addNameRange registry:https://registry.npmjs.org/gulp-watch not in flight; fetching
35 verbose request on initialization, where is /viinyl-fs
36 verbose request after pass 1, where is /viinyl-fs
37 verbose request url raw /viinyl-fs
38 verbose request resolving registry [ 'https://registry.npmjs.org/', './viinyl-fs' ]
39 verbose request after pass 2, where is https://registry.npmjs.org/viinyl-fs
40 verbose request no auth needed
41 info attempt registry request try #1 at 11:24:06
42 verbose request id 14c3d0e771bb65b6
43 http request GET https://registry.npmjs.org/viinyl-fs
44 verbose request on initialization, where is /undertaker
45 verbose request after pass 1, where is /undertaker
46 verbose request url raw /undertaker
47 verbose request resolving registry [ 'https://registry.npmjs.org/', './undertaker' ]
48 verbose request after pass 2, where is https://registry.npmjs.org/undertaker
49 verbose request no auth needed
50 info attempt registry request try #1 at 11:24:06
51 verbose etag "3BJX6KAYG2W88F8DJQL44HPNA"
52 http request GET https://registry.npmjs.org/undertaker
53 verbose request on initialization, where is /gulp-watch
54 verbose request after pass 1, where is /gulp-watch
55 verbose request url raw /gulp-watch
56 verbose request resolving registry [ 'https://registry.npmjs.org/', './gulp-watch' ]
57 verbose request after pass 2, where is https://registry.npmjs.org/gulp-watch
58 verbose request no auth needed
59 info attempt registry request try #1 at 11:24:07
60 verbose etag "5ASTMR6QG5G00I61QABUDLVXT"
61 http request GET https://registry.npmjs.org/gulp-watch
62 http 304 https://registry.npmjs.org/undertaker
63 silly registry.get cb [ 304,
63 silly registry.get   { date: 'Fri, 02 Jan 2015 10:24:08 GMT',
63 silly registry.get     server: 'Apache',
63 silly registry.get     via: '1.1 varnish',
63 silly registry.get     'last-modified': 'Fri, 02 Jan 2015 10:24:09 GMT',
63 silly registry.get     'cache-control': 'max-age=60',
63 silly registry.get     etag: '"3BJX6KAYG2W88F8DJQL44HPNA"',
63 silly registry.get     age: '0',
63 silly registry.get     'x-served-by': 'cache-ams4131-AMS',
63 silly registry.get     'x-cache': 'MISS',
63 silly registry.get     'x-cache-hits': '0',
63 silly registry.get     'x-timer': 'S1420194248.585630,VS0,VE644',
63 silly registry.get     vary: 'Accept',
63 silly registry.get     'content-length': '0',
63 silly registry.get     'keep-alive': 'timeout=10, max=50',
63 silly registry.get     connection: 'Keep-Alive' } ]
64 verbose etag https://registry.npmjs.org/undertaker from cache
65 silly addNameRange number 2 { name: 'undertaker', range: '*', hasData: true }
66 silly addNameRange versions [ 'undertaker', [ '0.0.0', '0.1.0', '0.2.0', '0.3.0' ] ]
67 verbose addNamed undertaker@0.3.0
68 silly addNamed semver.valid 0.3.0
69 silly addNamed semver.validRange 0.3.0
70 silly cache afterAdd undertaker@0.3.0
71 verbose afterAdd /Users/winteregel/.npm/undertaker/0.3.0/package/package.json not in flight; writing
72 verbose afterAdd /Users/winteregel/.npm/undertaker/0.3.0/package/package.json written
73 http 200 https://registry.npmjs.org/gulp-watch
74 silly registry.get cb [ 200,
74 silly registry.get   { date: 'Fri, 02 Jan 2015 10:24:09 GMT',
74 silly registry.get     server: 'CouchDB/1.5.0 (Erlang OTP/R16B03)',
74 silly registry.get     etag: '"DCNCY92EMDCY7WHOC12EYLY7R"',
74 silly registry.get     'content-type': 'application/json',
74 silly registry.get     'cache-control': 'max-age=60',
74 silly registry.get     'content-length': '87787',
74 silly registry.get     'accept-ranges': 'bytes',
74 silly registry.get     via: '1.1 varnish',
74 silly registry.get     age: '0',
74 silly registry.get     'x-served-by': 'cache-ams4127-AMS',
74 silly registry.get     'x-cache': 'HIT',
74 silly registry.get     'x-cache-hits': '1',
74 silly registry.get     'x-timer': 'S1420194248.575029,VS0,VE659',
74 silly registry.get     vary: 'Accept',
74 silly registry.get     'keep-alive': 'timeout=10, max=50',
74 silly registry.get     connection: 'Keep-Alive' } ]
75 silly addNameRange number 2 { name: 'gulp-watch', range: '*', hasData: true }
76 silly addNameRange versions [ 'gulp-watch',
76 silly addNameRange   [ '0.0.1',
76 silly addNameRange     '0.0.2',
76 silly addNameRange     '0.0.3',
76 silly addNameRange     '0.0.4',
76 silly addNameRange     '0.1.0',
76 silly addNameRange     '0.1.1',
76 silly addNameRange     '0.1.2',
76 silly addNameRange     '0.1.3',
76 silly addNameRange     '0.2.0',
76 silly addNameRange     '0.2.1',
76 silly addNameRange     '0.2.2',
76 silly addNameRange     '0.2.3',
76 silly addNameRange     '0.2.4',
76 silly addNameRange     '0.2.5',
76 silly addNameRange     '0.2.6',
76 silly addNameRange     '0.2.7',
76 silly addNameRange     '0.3.0',
76 silly addNameRange     '0.3.1',
76 silly addNameRange     '0.3.2',
76 silly addNameRange     '0.3.3',
76 silly addNameRange     '0.3.4',
76 silly addNameRange     '0.4.0',
76 silly addNameRange     '0.4.1',
76 silly addNameRange     '0.4.2',
76 silly addNameRange     '0.5.0',
76 silly addNameRange     '0.5.2',
76 silly addNameRange     '0.5.3',
76 silly addNameRange     '0.5.4',
76 silly addNameRange     '0.6.0',
76 silly addNameRange     '0.6.1',
76 silly addNameRange     '0.6.2',
76 silly addNameRange     '0.6.3',
76 silly addNameRange     '0.6.4',
76 silly addNameRange     '0.6.5',
76 silly addNameRange     '0.6.6',
76 silly addNameRange     '0.7.0-alpha2',
76 silly addNameRange     '0.6.6-1',
76 silly addNameRange     '0.6.7',
76 silly addNameRange     '0.6.8',
76 silly addNameRange     '0.7.0-alpha3',
76 silly addNameRange     '0.6.9',
76 silly addNameRange     '0.6.10',
76 silly addNameRange     '0.7.0',
76 silly addNameRange     '0.7.1',
76 silly addNameRange     '1.0.0',
76 silly addNameRange     '1.0.2',
76 silly addNameRange     '1.0.3',
76 silly addNameRange     '1.0.4',
76 silly addNameRange     '1.0.5',
76 silly addNameRange     '1.0.6',
76 silly addNameRange     '1.0.7',
76 silly addNameRange     '1.1.0',
76 silly addNameRange     '1.2.0',
76 silly addNameRange     '1.0.8',
76 silly addNameRange     '1.1.1',
76 silly addNameRange     '1.2.1',
76 silly addNameRange     '2.0.0',
76 silly addNameRange     '3.0.0' ] ]
77 verbose addNamed gulp-watch@3.0.0
78 silly addNamed semver.valid 3.0.0
79 silly addNamed semver.validRange 3.0.0
80 verbose addRemoteTarball https://registry.npmjs.org/gulp-watch/-/gulp-watch-3.0.0.tgz not in flight; adding
81 verbose addRemoteTarball [ 'https://registry.npmjs.org/gulp-watch/-/gulp-watch-3.0.0.tgz',
81 verbose addRemoteTarball   '7d53b6c718b7eaabd47a9f2b478e4e3441004162' ]
82 info retry fetch attempt 1 at 11:24:12
83 info attempt registry request try #1 at 11:24:12
84 http fetch GET https://registry.npmjs.org/gulp-watch/-/gulp-watch-3.0.0.tgz
85 http fetch 200 https://registry.npmjs.org/gulp-watch/-/gulp-watch-3.0.0.tgz
86 http 404 https://registry.npmjs.org/viinyl-fs
87 verbose headers { date: 'Fri, 02 Jan 2015 10:24:10 GMT',
87 verbose headers   server: 'CouchDB/1.5.0 (Erlang OTP/R16B03)',
87 verbose headers   'content-type': 'application/json',
87 verbose headers   'cache-control': 'max-age=0',
87 verbose headers   'content-length': '52',
87 verbose headers   'accept-ranges': 'bytes',
87 verbose headers   via: '1.1 varnish',
87 verbose headers   age: '0',
87 verbose headers   'x-served-by': 'cache-ams4141-AMS',
87 verbose headers   'x-cache': 'MISS',
87 verbose headers   'x-cache-hits': '0',
87 verbose headers   'x-timer': 'S1420194249.632198,VS0,VE382',
87 verbose headers   'keep-alive': 'timeout=10, max=50',
87 verbose headers   connection: 'Keep-Alive' }
88 silly registry.get cb [ 404,
88 silly registry.get   { date: 'Fri, 02 Jan 2015 10:24:10 GMT',
88 silly registry.get     server: 'CouchDB/1.5.0 (Erlang OTP/R16B03)',
88 silly registry.get     'content-type': 'application/json',
88 silly registry.get     'cache-control': 'max-age=0',
88 silly registry.get     'content-length': '52',
88 silly registry.get     'accept-ranges': 'bytes',
88 silly registry.get     via: '1.1 varnish',
88 silly registry.get     age: '0',
88 silly registry.get     'x-served-by': 'cache-ams4141-AMS',
88 silly registry.get     'x-cache': 'MISS',
88 silly registry.get     'x-cache-hits': '0',
88 silly registry.get     'x-timer': 'S1420194249.632198,VS0,VE382',
88 silly registry.get     'keep-alive': 'timeout=10, max=50',
88 silly registry.get     connection: 'Keep-Alive' } ]
89 silly fetchAndShaCheck shasum 7d53b6c718b7eaabd47a9f2b478e4e3441004162
90 verbose addTmpTarball /tmp/npm-10644-07263375/registry.npmjs.org/gulp-watch/-/gulp-watch-3.0.0.tgz not in flight; adding
91 verbose addTmpTarball already have metadata; skipping unpack for gulp-watch@3.0.0
92 silly cache afterAdd gulp-watch@3.0.0
93 verbose afterAdd /Users/winteregel/.npm/gulp-watch/3.0.0/package/package.json not in flight; writing
94 verbose afterAdd /Users/winteregel/.npm/gulp-watch/3.0.0/package/package.json written
95 verbose stack Error: 404 Not Found: viinyl-fs
95 verbose stack     at RegClient.<anonymous> (/usr/local/lib/node_modules/npm/node_modules/npm-registry-client/lib/request.js:258:14)
95 verbose stack     at Request._callback (/usr/local/lib/node_modules/npm/node_modules/npm-registry-client/lib/request.js:197:65)
95 verbose stack     at Request.self.callback (/usr/local/lib/node_modules/npm/node_modules/request/request.js:364:22)
95 verbose stack     at Request.emit (events.js:98:17)
95 verbose stack     at Request.<anonymous> (/usr/local/lib/node_modules/npm/node_modules/request/request.js:1318:14)
95 verbose stack     at Request.emit (events.js:117:20)
95 verbose stack     at IncomingMessage.<anonymous> (/usr/local/lib/node_modules/npm/node_modules/request/request.js:1266:12)
95 verbose stack     at IncomingMessage.emit (events.js:117:20)
95 verbose stack     at _stream_readable.js:938:16
95 verbose stack     at process._tickCallback (node.js:419:13)
96 verbose statusCode 404
97 verbose pkgid viinyl-fs
98 verbose cwd /Applications/MAMP/htdocs/headstart
99 error Darwin 14.0.0
100 error argv "node" "/usr/local/bin/npm" "install" "--save" "undertaker" "viinyl-fs" "gulp-watch"
101 error node v0.10.30
102 error npm  v2.1.6
103 error code E404
104 error 404 Not Found: viinyl-fs
104 error 404
104 error 404 'viinyl-fs' is not in the npm registry.
104 error 404 You should bug the author to publish it (or use the name yourself!)
104 error 404 It was specified as a dependency of 'headstart'
104 error 404
104 error 404 Note that you can also install from a
104 error 404 tarball, folder, http url, or git url.
105 verbose exit [ 1, true ]
